This file contains any messages produced by compilers while
running configure, to aid debugging if configure makes a mistake.

It was created by Apertium Sumerian-English configure 0.1.0, which was
generated by GNU Autoconf 2.71.  Invocation command line was

  $ ./configure --with-lang1=../apertium-sux --with-lang2=../apertium-eng

## --------- ##
## Platform. ##
## --------- ##

hostname = himanshus-MacBook-Air.local
uname -m = arm64
uname -r = 21.3.0
uname -s = Darwin
uname -v = Darwin Kernel Version 21.3.0: Wed Jan  5 21:37:58 PST 2022; root:xnu-8019.80.24~20/RELEASE_ARM64_T8101

/usr/bin/uname -p = arm
/bin/uname -X     = unknown

/bin/arch              = unknown
/usr/bin/arch -k       = unknown
/usr/convex/getsysinfo = unknown
/usr/bin/hostinfo      = Mach kernel version:
	 Darwin Kernel Version 21.3.0: Wed Jan  5 21:37:58 PST 2022; root:xnu-8019.80.24~20/RELEASE_ARM64_T8101
Kernel configured for up to 8 processors.
8 processors are physically available.
8 processors are logically available.
Processor type: arm64e (ARM64E)
Processors active: 0 1 2 3 4 5 6 7
Primary memory available: 16.00 gigabytes
Default processor set: 531 tasks, 2808 threads, 8 processors
Load average: 3.02, Mach factor: 5.26
/bin/machine           = unknown
/usr/bin/oslevel       = unknown
/bin/universe          = unknown

PATH: /opt/homebrew/anaconda3/condabin/
PATH: /opt/homebrew/bin/
PATH: /opt/homebrew/sbin/
PATH: /usr/local/bin/
PATH: /usr/bin/
PATH: /bin/
PATH: /usr/sbin/
PATH: /sbin/
PATH: /usr/local/bin/


## ----------- ##
## Core tests. ##
## ----------- ##

configure:1823: looking for aux files: missing install-sh
configure:1836:  trying ./
configure:1865:   ./missing found
configure:1847:   ./install-sh found
configure:1994: checking for a BSD-compatible install
configure:2067: result: /usr/bin/install -c
configure:2078: checking whether build environment is sane
configure:2133: result: yes
configure:2292: checking for a race-free mkdir -p
configure:2336: result: ./install-sh -c -d
configure:2343: checking for gawk
configure:2364: found /opt/homebrew/bin/gawk
configure:2375: result: gawk
configure:2386: checking whether make sets $(MAKE)
configure:2409: result: yes
configure:2439: checking whether make supports nested variables
configure:2457: result: yes
configure:2597: checking for gawk
configure:2629: result: gawk
configure:2700: checking for pkg-config
configure:2723: found /opt/homebrew/bin/pkg-config
configure:2735: result: /opt/homebrew/bin/pkg-config
configure:2760: checking pkg-config is at least version 0.9.0
configure:2763: result: yes
configure:2773: checking for apertium >= 3.8.1
configure:2780: $PKG_CONFIG --exists --print-errors "apertium >= 3.8.1"
configure:2783: $? = 0
configure:2797: $PKG_CONFIG --exists --print-errors "apertium >= 3.8.1"
configure:2800: $? = 0
configure:2858: result: yes
configure:2864: checking for lttoolbox >= 3.6.9
configure:2871: $PKG_CONFIG --exists --print-errors "lttoolbox >= 3.6.9"
configure:2874: $? = 0
configure:2888: $PKG_CONFIG --exists --print-errors "lttoolbox >= 3.6.9"
configure:2891: $? = 0
configure:2949: result: yes
configure:2957: checking for hfst >= 3.16.0
configure:2964: $PKG_CONFIG --exists --print-errors "hfst >= 3.16.0"
configure:2967: $? = 0
configure:2981: $PKG_CONFIG --exists --print-errors "hfst >= 3.16.0"
configure:2984: $? = 0
configure:3042: result: yes
configure:3049: checking for cg3 >= 1.3.6
configure:3056: $PKG_CONFIG --exists --print-errors "cg3 >= 1.3.6"
configure:3059: $? = 0
configure:3073: $PKG_CONFIG --exists --print-errors "cg3 >= 1.3.6"
configure:3076: $? = 0
configure:3134: result: yes
configure:3140: checking for apertium-lex-tools >= 0.4.0
configure:3147: $PKG_CONFIG --exists --print-errors "apertium-lex-tools >= 0.4.0"
configure:3150: $? = 0
configure:3164: $PKG_CONFIG --exists --print-errors "apertium-lex-tools >= 0.4.0"
configure:3167: $? = 0
configure:3225: result: yes
configure:3237: checking for gzcat
configure:3260: found /usr/bin/gzcat
configure:3272: result: /usr/bin/gzcat
configure:3744: checking for apertium-regtest >= 0.9.1
configure:3751: $PKG_CONFIG --exists --print-errors "apertium-regtest >= 0.9.1"
configure:3754: $? = 0
configure:3768: $PKG_CONFIG --exists --print-errors "apertium-regtest >= 0.9.1"
configure:3771: $? = 0
configure:3811: result: yes
configure:4056: checking that generated files are newer than configure
configure:4062: result: done
configure:4070: creating ./config.status

## ---------------------- ##
## Running config.status. ##
## ---------------------- ##

This file was extended by Apertium Sumerian-English config.status 0.1.0, which was
generated by GNU Autoconf 2.71.  Invocation command line was

  CONFIG_FILES    = 
  CONFIG_HEADERS  = 
  CONFIG_LINKS    = 
  CONFIG_COMMANDS = 
  $ ./config.status 

on himanshus-MacBook-Air.local

config.status:793: creating Makefile

## ---------------- ##
## Cache variables. ##
## ---------------- ##

ac_cv_env_APERTIUM_CFLAGS_set=
ac_cv_env_APERTIUM_CFLAGS_value=
ac_cv_env_APERTIUM_ENG_CFLAGS_set=
ac_cv_env_APERTIUM_ENG_CFLAGS_value=
ac_cv_env_APERTIUM_ENG_LIBS_set=
ac_cv_env_APERTIUM_ENG_LIBS_value=
ac_cv_env_APERTIUM_LEX_TOOLS_CFLAGS_set=
ac_cv_env_APERTIUM_LEX_TOOLS_CFLAGS_value=
ac_cv_env_APERTIUM_LEX_TOOLS_LIBS_set=
ac_cv_env_APERTIUM_LEX_TOOLS_LIBS_value=
ac_cv_env_APERTIUM_LIBS_set=
ac_cv_env_APERTIUM_LIBS_value=
ac_cv_env_APERTIUM_SUX_CFLAGS_set=
ac_cv_env_APERTIUM_SUX_CFLAGS_value=
ac_cv_env_APERTIUM_SUX_LIBS_set=
ac_cv_env_APERTIUM_SUX_LIBS_value=
ac_cv_env_AP_LIB1_set=
ac_cv_env_AP_LIB1_value=
ac_cv_env_AP_LIB2_set=
ac_cv_env_AP_LIB2_value=
ac_cv_env_AP_SRC1_set=
ac_cv_env_AP_SRC1_value=
ac_cv_env_AP_SRC2_set=
ac_cv_env_AP_SRC2_value=
ac_cv_env_AP_SUBDIRS_set=
ac_cv_env_AP_SUBDIRS_value=
ac_cv_env_CG3_CFLAGS_set=
ac_cv_env_CG3_CFLAGS_value=
ac_cv_env_CG3_LIBS_set=
ac_cv_env_CG3_LIBS_value=
ac_cv_env_HFST_CFLAGS_set=
ac_cv_env_HFST_CFLAGS_value=
ac_cv_env_HFST_LIBS_set=
ac_cv_env_HFST_LIBS_value=
ac_cv_env_LTTOOLBOX_CFLAGS_set=
ac_cv_env_LTTOOLBOX_CFLAGS_value=
ac_cv_env_LTTOOLBOX_LIBS_set=
ac_cv_env_LTTOOLBOX_LIBS_value=
ac_cv_env_PKG_CONFIG_LIBDIR_set=
ac_cv_env_PKG_CONFIG_LIBDIR_value=
ac_cv_env_PKG_CONFIG_PATH_set=set
ac_cv_env_PKG_CONFIG_PATH_value=/usr/local/lib/pkgconfig:/usr/local/share/pkgconfig:/usr/local/lib/pkgconfig:/usr/local/share/pkgconfig::/usr/local/share/pkgconfig:/usr/local/lib/pkgconfig
ac_cv_env_PKG_CONFIG_set=
ac_cv_env_PKG_CONFIG_value=
ac_cv_env_REGTEST_CFLAGS_set=
ac_cv_env_REGTEST_CFLAGS_value=
ac_cv_env_REGTEST_LIBS_set=
ac_cv_env_REGTEST_LIBS_value=
ac_cv_env_build_alias_set=
ac_cv_env_build_alias_value=
ac_cv_env_host_alias_set=
ac_cv_env_host_alias_value=
ac_cv_env_target_alias_set=
ac_cv_env_target_alias_value=
ac_cv_path_ZCAT=/usr/bin/gzcat
ac_cv_path_ac_pt_PKG_CONFIG=/opt/homebrew/bin/pkg-config
ac_cv_path_install='/usr/bin/install -c'
ac_cv_prog_AWK=gawk
ac_cv_prog_make_make_set=yes
am_cv_make_support_nested_variables=yes
pkg_cv_APERTIUM_CFLAGS='-I/usr/local/include/apertium-3.8 -I/usr/local/lib/apertium-3.8/include'
pkg_cv_APERTIUM_LEX_TOOLS_CFLAGS=
pkg_cv_APERTIUM_LEX_TOOLS_LIBS=
pkg_cv_APERTIUM_LIBS='-L/usr/local/lib -lapertium3'
pkg_cv_CG3_CFLAGS=-I/usr/local/include/
pkg_cv_CG3_LIBS='-L/usr/local/lib -lcg3'
pkg_cv_HFST_CFLAGS=-I/usr/local/include/hfst/
pkg_cv_HFST_LIBS='-L/usr/local/lib -lhfst'
pkg_cv_LTTOOLBOX_CFLAGS=-I/usr/local/include/lttoolbox-3.6
pkg_cv_LTTOOLBOX_LIBS='-L/usr/local/lib -llttoolbox3'
pkg_cv_REGTEST_CFLAGS=
pkg_cv_REGTEST_LIBS=

## ----------------- ##
## Output variables. ##
## ----------------- ##

ACLOCAL='${SHELL} '\''/Users/himanshu/GSOC/Apertium_MT/apertium-sux-eng/missing'\'' aclocal-1.16'
AMTAR='$${TAR-tar}'
AM_BACKSLASH='\'
AM_DEFAULT_V='$(AM_DEFAULT_VERBOSITY)'
AM_DEFAULT_VERBOSITY='1'
AM_V='$(V)'
APERTIUM_CFLAGS='-I/usr/local/include/apertium-3.8 -I/usr/local/lib/apertium-3.8/include'
APERTIUM_ENG_CFLAGS=''
APERTIUM_ENG_LIBS=''
APERTIUM_LEX_TOOLS_CFLAGS=''
APERTIUM_LEX_TOOLS_LIBS=''
APERTIUM_LIBS='-L/usr/local/lib -lapertium3'
APERTIUM_SUX_CFLAGS=''
APERTIUM_SUX_LIBS=''
AP_LIB1='../apertium-sux'
AP_LIB2='../apertium-eng'
AP_SRC1='../apertium-sux'
AP_SRC2='../apertium-eng'
AP_SUBDIRS=' ../apertium-sux ../apertium-eng'
AUTOCONF='${SHELL} '\''/Users/himanshu/GSOC/Apertium_MT/apertium-sux-eng/missing'\'' autoconf'
AUTOHEADER='${SHELL} '\''/Users/himanshu/GSOC/Apertium_MT/apertium-sux-eng/missing'\'' autoheader'
AUTOMAKE='${SHELL} '\''/Users/himanshu/GSOC/Apertium_MT/apertium-sux-eng/missing'\'' automake-1.16'
AWK='gawk'
CG3_CFLAGS='-I/usr/local/include/'
CG3_LIBS='-L/usr/local/lib -lcg3'
CSCOPE='cscope'
CTAGS='ctags'
CYGPATH_W='echo'
DEFS='-DPACKAGE_NAME=\"Apertium\ Sumerian-English\" -DPACKAGE_TARNAME=\"apertium-sux-eng\" -DPACKAGE_VERSION=\"0.1.0\" -DPACKAGE_STRING=\"Apertium\ Sumerian-English\ 0.1.0\" -DPACKAGE_BUGREPORT=\"https://github.com/apertium/apertium-sux-eng/issues\" -DPACKAGE_URL=\"https://wiki.apertium.org/wiki/Apertium-sux-eng\" -DPACKAGE=\"apertium-sux-eng\" -DVERSION=\"0.1.0\"'
ECHO_C='\c'
ECHO_N=''
ECHO_T=''
ETAGS='etags'
HFST_CFLAGS='-I/usr/local/include/hfst/'
HFST_LIBS='-L/usr/local/lib -lhfst'
INSTALL_DATA='${INSTALL} -m 644'
INSTALL_PROGRAM='${INSTALL}'
INSTALL_SCRIPT='${INSTALL}'
INSTALL_STRIP_PROGRAM='$(install_sh) -c -s'
LIBOBJS=''
LIBS=''
LTLIBOBJS=''
LTTOOLBOX_CFLAGS='-I/usr/local/include/lttoolbox-3.6'
LTTOOLBOX_LIBS='-L/usr/local/lib -llttoolbox3'
MAKEINFO='${SHELL} '\''/Users/himanshu/GSOC/Apertium_MT/apertium-sux-eng/missing'\'' makeinfo'
MKDIR_P='./install-sh -c -d'
PACKAGE='apertium-sux-eng'
PACKAGE_BUGREPORT='https://github.com/apertium/apertium-sux-eng/issues'
PACKAGE_NAME='Apertium Sumerian-English'
PACKAGE_STRING='Apertium Sumerian-English 0.1.0'
PACKAGE_TARNAME='apertium-sux-eng'
PACKAGE_URL='https://wiki.apertium.org/wiki/Apertium-sux-eng'
PACKAGE_VERSION='0.1.0'
PATH_SEPARATOR=':'
PKG_CONFIG='/opt/homebrew/bin/pkg-config'
PKG_CONFIG_LIBDIR=''
PKG_CONFIG_PATH='/usr/local/lib/pkgconfig:/usr/local/share/pkgconfig:/usr/local/lib/pkgconfig:/usr/local/share/pkgconfig::/usr/local/share/pkgconfig:/usr/local/lib/pkgconfig'
REGTEST_CFLAGS=''
REGTEST_LIBS=''
SET_MAKE=''
SHELL='/bin/sh'
STRIP=''
VERSION='0.1.0'
ZCAT='/usr/bin/gzcat'
am__isrc=''
am__leading_dot='.'
am__tar='$${TAR-tar} chof - "$$tardir"'
am__untar='$${TAR-tar} xf -'
bindir='${exec_prefix}/bin'
build_alias=''
datadir='${datarootdir}'
datarootdir='${prefix}/share'
docdir='${datarootdir}/doc/${PACKAGE_TARNAME}'
dvidir='${docdir}'
exec_prefix='${prefix}'
host_alias=''
htmldir='${docdir}'
includedir='${prefix}/include'
infodir='${datarootdir}/info'
install_sh='${SHELL} /Users/himanshu/GSOC/Apertium_MT/apertium-sux-eng/install-sh'
libdir='${exec_prefix}/lib'
libexecdir='${exec_prefix}/libexec'
localedir='${datarootdir}/locale'
localstatedir='${prefix}/var'
mandir='${datarootdir}/man'
mkdir_p='$(MKDIR_P)'
oldincludedir='/usr/include'
pdfdir='${docdir}'
prefix='/usr/local'
program_transform_name='s,x,x,'
psdir='${docdir}'
runstatedir='${localstatedir}/run'
sbindir='${exec_prefix}/sbin'
sharedstatedir='${prefix}/com'
sysconfdir='${prefix}/etc'
target_alias=''

## ------------------- ##
## File substitutions. ##
## ------------------- ##

ap_include='./ap_include.am'

## ----------- ##
## confdefs.h. ##
## ----------- ##

/* confdefs.h */
#define PACKAGE_NAME "Apertium Sumerian-English"
#define PACKAGE_TARNAME "apertium-sux-eng"
#define PACKAGE_VERSION "0.1.0"
#define PACKAGE_STRING "Apertium Sumerian-English 0.1.0"
#define PACKAGE_BUGREPORT "https://github.com/apertium/apertium-sux-eng/issues"
#define PACKAGE_URL "https://wiki.apertium.org/wiki/Apertium-sux-eng"
#define PACKAGE "apertium-sux-eng"
#define VERSION "0.1.0"

configure: exit 0
